<?xml version="1.0" encoding="UTF-8"?>
<!-- Generated by org.testng.reporters.JUnitReportReporter -->
<testsuite hostname="Roshi-Ideapad" failures="0" tests="2" name="demo001.demoPages.Democlass" time="11.870" errors="0" timestamp="2021-04-13T15:36:09 BST" skipped="0">
  <testcase classname="demo001.demoPages.Democlass" name="setUp" time="5.687"/>
  <system-out/>
  <testcase classname="demo001.demoPages.Democlass" name="setUp" time="6.183"/>
  <system-out/>
</testsuite> <!-- demo001.demoPages.Democlass -->
