<?xml version="1.0" encoding="UTF-8"?>
<!-- Generated by org.testng.reporters.JUnitReportReporter -->
<testsuite skipped="0" hostname="Roshi-Ideapad" name="demo001.demoPages.Democlass" tests="2" failures="0" timestamp="2021-04-15T14:35:32 BST" time="18.539" errors="0">
  <testcase name="setUp" time="9.787" classname="demo001.demoPages.Democlass"/>
  <system-out/>
  <testcase name="setUp" time="8.752" classname="demo001.demoPages.Democlass"/>
  <system-out/>
</testsuite> <!-- demo001.demoPages.Democlass -->
